android/build/intermediates/manifest_merge_blame_file/debug/manifest-merger-blame-debug-report.txt
1<?xml version="1.0" encoding="utf-8"?>
2<manifest xmlns:android="http://schemas.android.com/apk/res/android"
3    package="cat.xtec.ioc"
4    android:versionCode="1"
5    android:versionName="1.0" >
6
7    <uses-sdk
8        android:minSdkVersion="27"
8-->PizzaAttack\android\AndroidManifest.xml
9        android:targetSdkVersion="30" />
9-->PizzaAttack\android\AndroidManifest.xml
10
11    <application
11-->PizzaAttack\android\AndroidManifest.xml:8:5-23:19
12        android:allowBackup="true"
12-->PizzaAttack\android\AndroidManifest.xml:9:9-35
13        android:debuggable="true"
14        android:extractNativeLibs="false"
15        android:icon="@mipmap/ic_launcher"
15-->PizzaAttack\android\AndroidManifest.xml:10:9-43
16        android:label="@string/app_name"
16-->PizzaAttack\android\AndroidManifest.xml:11:9-41
17        android:testOnly="true"
18        android:theme="@style/GdxTheme" >
18-->PizzaAttack\android\AndroidManifest.xml:12:9-40
19        <activity
19-->PizzaAttack\android\AndroidManifest.xml:13:9-22:20
20            android:name="cat.xtec.ioc.android.AndroidLauncher"
20-->PizzaAttack\android\AndroidManifest.xml:14:13-64
21            android:configChanges="keyboard|keyboardHidden|orientation|screenSize"
21-->PizzaAttack\android\AndroidManifest.xml:17:13-83
22            android:label="@string/app_name"
22-->PizzaAttack\android\AndroidManifest.xml:15:13-45
23            android:screenOrientation="landscape" >
23-->PizzaAttack\android\AndroidManifest.xml:16:13-50
24            <intent-filter>
24-->PizzaAttack\android\AndroidManifest.xml:18:13-21:29
25                <action android:name="android.intent.action.MAIN" />
25-->PizzaAttack\android\AndroidManifest.xml:19:17-69
25-->PizzaAttack\android\AndroidManifest.xml:19:25-66
26
27                <category android:name="android.intent.category.LAUNCHER" />
27-->PizzaAttack\android\AndroidManifest.xml:20:17-77
27-->PizzaAttack\android\AndroidManifest.xml:20:27-74
28            </intent-filter>
29        </activity>
30    </application>
31
32</manifest>